<?xml version="1.0" encoding="UTF-8"?>
<!-- Generated by org.testng.reporters.JUnitXMLReporter -->
<testsuite ignored="0" hostname="LAPTOP-5VCPLCTS" failures="0" tests="5" name="Default test" time="45.107" errors="0" timestamp="2026-02-24T00:45:47 IST">
  <testcase classname="test.LoginTest" name="loginTest" time="4.5"/>
  <testcase classname="test.LoginTest" name="loginTest" time="2.412"/>
  <testcase classname="test.LoginTest" name="loginTest" time="2.046"/>
  <testcase classname="test.LoginTest" name="loginTest" time="1.285"/>
  <testcase classname="test.LoginTest" name="loginTest" time="2.097"/>
</testsuite> <!-- Default test -->
