<?xml version="1.0" encoding="UTF-8"?>
<testng-results ignored="0" total="5" passed="5" failed="0" skipped="0">
  <reporter-output>
  </reporter-output>
  <suite started-at="2026-02-24T00:45:01 IST" name="Default suite" finished-at="2026-02-24T00:45:47 IST" duration-ms="45107">
    <groups>
    </groups>
    <test started-at="2026-02-24T00:45:01 IST" name="Default test" finished-at="2026-02-24T00:45:47 IST" duration-ms="45107">
      <class name="test.LoginTest">
        <test-method is-config="true" signature="setup()[pri:0, instance:test.LoginTest@23e84203]" started-at="2026-02-24T00:45:02 IST" name="setup" finished-at="2026-02-24T00:45:09 IST" duration-ms="6492" status="PASS">
          <reporter-output>
          </reporter-output>
        </test-method> <!-- setup -->
        <test-method signature="loginTest(java.lang.String,java.lang.String,java.lang.String)[pri:0, instance:test.LoginTest@23e84203]" started-at="2026-02-24T00:45:09 IST" name="loginTest" data-provider="loginData" finished-at="2026-02-24T00:45:13 IST" duration-ms="4500" status="PASS">
          <params>
            <param index="0">
              <value>
                <![CDATA[admin]]>
              </value>
            </param>
            <param index="1">
              <value>
                <![CDATA[sG%8F0R^bGja]]>
              </value>
            </param>
            <param index="2">
              <value>
                <![CDATA[valid]]>
              </value>
            </param>
          </params>
          <reporter-output>
          </reporter-output>
        </test-method> <!-- loginTest -->
        <test-method is-config="true" signature="tearDown()[pri:0, instance:test.LoginTest@23e84203]" started-at="2026-02-24T00:45:13 IST" name="tearDown" finished-at="2026-02-24T00:45:14 IST" duration-ms="386" status="PASS">
          <reporter-output>
          </reporter-output>
        </test-method> <!-- tearDown -->
        <test-method is-config="true" signature="setup()[pri:0, instance:test.LoginTest@23e84203]" started-at="2026-02-24T00:45:14 IST" name="setup" finished-at="2026-02-24T00:45:19 IST" duration-ms="5103" status="PASS">
          <reporter-output>
          </reporter-output>
        </test-method> <!-- setup -->
        <test-method signature="loginTest(java.lang.String,java.lang.String,java.lang.String)[pri:0, instance:test.LoginTest@23e84203]" started-at="2026-02-24T00:45:19 IST" name="loginTest" data-provider="loginData" finished-at="2026-02-24T00:45:21 IST" duration-ms="2412" status="PASS">
          <params>
            <param index="0">
              <value>
                <![CDATA[admin]]>
              </value>
            </param>
            <param index="1">
              <value>
                <![CDATA[wrongpass]]>
              </value>
            </param>
            <param index="2">
              <value>
                <![CDATA[invalid]]>
              </value>
            </param>
          </params>
          <reporter-output>
          </reporter-output>
        </test-method> <!-- loginTest -->
        <test-method is-config="true" signature="tearDown()[pri:0, instance:test.LoginTest@23e84203]" started-at="2026-02-24T00:45:21 IST" name="tearDown" finished-at="2026-02-24T00:45:22 IST" duration-ms="416" status="PASS">
          <reporter-output>
          </reporter-output>
        </test-method> <!-- tearDown -->
        <test-method is-config="true" signature="setup()[pri:0, instance:test.LoginTest@23e84203]" started-at="2026-02-24T00:45:22 IST" name="setup" finished-at="2026-02-24T00:45:27 IST" duration-ms="5492" status="PASS">
          <reporter-output>
          </reporter-output>
        </test-method> <!-- setup -->
        <test-method signature="loginTest(java.lang.String,java.lang.String,java.lang.String)[pri:0, instance:test.LoginTest@23e84203]" started-at="2026-02-24T00:45:27 IST" name="loginTest" data-provider="loginData" finished-at="2026-02-24T00:45:29 IST" duration-ms="2046" status="PASS">
          <params>
            <param index="0">
              <value>
                <![CDATA[wronguser]]>
              </value>
            </param>
            <param index="1">
              <value>
                <![CDATA[sG%8F0R^bGja]]>
              </value>
            </param>
            <param index="2">
              <value>
                <![CDATA[invalid]]>
              </value>
            </param>
          </params>
          <reporter-output>
          </reporter-output>
        </test-method> <!-- loginTest -->
        <test-method is-config="true" signature="tearDown()[pri:0, instance:test.LoginTest@23e84203]" started-at="2026-02-24T00:45:29 IST" name="tearDown" finished-at="2026-02-24T00:45:30 IST" duration-ms="370" status="PASS">
          <reporter-output>
          </reporter-output>
        </test-method> <!-- tearDown -->
        <test-method is-config="true" signature="setup()[pri:0, instance:test.LoginTest@23e84203]" started-at="2026-02-24T00:45:30 IST" name="setup" finished-at="2026-02-24T00:45:37 IST" duration-ms="7612" status="PASS">
          <reporter-output>
          </reporter-output>
        </test-method> <!-- setup -->
        <test-method signature="loginTest(java.lang.String,java.lang.String,java.lang.String)[pri:0, instance:test.LoginTest@23e84203]" started-at="2026-02-24T00:45:37 IST" name="loginTest" data-provider="loginData" finished-at="2026-02-24T00:45:38 IST" duration-ms="1285" status="PASS">
          <params>
            <param index="0">
              <value>
                <![CDATA[]]>
              </value>
            </param>
            <param index="1">
              <value>
                <![CDATA[sG%8F0R^bGja]]>
              </value>
            </param>
            <param index="2">
              <value>
                <![CDATA[invalid]]>
              </value>
            </param>
          </params>
          <reporter-output>
          </reporter-output>
        </test-method> <!-- loginTest -->
        <test-method is-config="true" signature="tearDown()[pri:0, instance:test.LoginTest@23e84203]" started-at="2026-02-24T00:45:38 IST" name="tearDown" finished-at="2026-02-24T00:45:39 IST" duration-ms="305" status="PASS">
          <reporter-output>
          </reporter-output>
        </test-method> <!-- tearDown -->
        <test-method is-config="true" signature="setup()[pri:0, instance:test.LoginTest@23e84203]" started-at="2026-02-24T00:45:39 IST" name="setup" finished-at="2026-02-24T00:45:44 IST" duration-ms="5463" status="PASS">
          <reporter-output>
          </reporter-output>
        </test-method> <!-- setup -->
        <test-method signature="loginTest(java.lang.String,java.lang.String,java.lang.String)[pri:0, instance:test.LoginTest@23e84203]" started-at="2026-02-24T00:45:44 IST" name="loginTest" data-provider="loginData" finished-at="2026-02-24T00:45:46 IST" duration-ms="2097" status="PASS">
          <params>
            <param index="0">
              <value>
                <![CDATA[admin]]>
              </value>
            </param>
            <param index="1">
              <value>
                <![CDATA[]]>
              </value>
            </param>
            <param index="2">
              <value>
                <![CDATA[invalid]]>
              </value>
            </param>
          </params>
          <reporter-output>
          </reporter-output>
        </test-method> <!-- loginTest -->
        <test-method is-config="true" signature="tearDown()[pri:0, instance:test.LoginTest@23e84203]" started-at="2026-02-24T00:45:46 IST" name="tearDown" finished-at="2026-02-24T00:45:47 IST" duration-ms="316" status="PASS">
          <reporter-output>
          </reporter-output>
        </test-method> <!-- tearDown -->
      </class> <!-- test.LoginTest -->
    </test> <!-- Default test -->
  </suite> <!-- Default suite -->
</testng-results>
