<?xml version="1.0" encoding="UTF-8"?>
<!-- Generated by org.testng.reporters.JUnitReportReporter -->
<testsuite hostname="LAPTOP-5VCPLCTS" failures="0" tests="5" name="test.LoginTest" time="44.295" errors="0" timestamp="2026-02-24T00:45:47 IST" skipped="0">
  <testcase classname="test.LoginTest" name="loginTest" time="8.220"/>
  <testcase classname="test.LoginTest" name="loginTest" time="7.895"/>
  <testcase classname="test.LoginTest" name="loginTest" time="8.193"/>
  <testcase classname="test.LoginTest" name="loginTest" time="10.079"/>
  <testcase classname="test.LoginTest" name="loginTest" time="9.908"/>
</testsuite> <!-- test.LoginTest -->
